<?xml version="1.0" encoding="UTF-8"?>
<!-- Generated by org.testng.reporters.JUnitReportReporter -->
<testsuite hostname="PRO" failures="0" tests="3" name="pramodpoojary.SeleniumFrameworkDesign.submitOrder" time="32.333" errors="0" timestamp="2022-11-05T14:08:38 IST" skipped="0">
  <testcase classname="pramodpoojary.SeleniumFrameworkDesign.submitOrder" name="submitOrders" time="5.614"/>
  <system-out/>
  <testcase classname="pramodpoojary.SeleniumFrameworkDesign.submitOrder" name="orderHistory" time="21.731"/>
  <system-out/>
  <testcase classname="pramodpoojary.SeleniumFrameworkDesign.submitOrder" name="submitOrders" time="4.988"/>
  <system-out/>
</testsuite> <!-- pramodpoojary.SeleniumFrameworkDesign.submitOrder -->
