<?xml version="1.0" encoding="UTF-8"?>
<!-- Generated by org.testng.reporters.JUnitReportReporter -->
<testsuite hostname="PRO" failures="0" tests="2" name="cucumber.TestNGTestRunner" time="13.754" errors="0" timestamp="2022-11-06T14:24:04 IST" skipped="0">
  <testcase classname="cucumber.TestNGTestRunner" name="runScenario" time="7.772"/>
  <system-out/>
  <testcase classname="cucumber.TestNGTestRunner" name="runScenario" time="5.982"/>
  <system-out/>
</testsuite> <!-- cucumber.TestNGTestRunner -->
