<?xml version="1.0" encoding="UTF-8"?>
<!-- Generated by org.testng.reporters.JUnitReportReporter -->
<testsuite hostname="PRO" failures="0" tests="2" name="cucumber.TestNGTestRunner" time="46.549" errors="0" timestamp="2022-11-06T14:31:13 IST" skipped="0">
  <testcase classname="cucumber.TestNGTestRunner" name="runScenario" time="24.540"/>
  <system-out/>
  <testcase classname="cucumber.TestNGTestRunner" name="runScenario" time="22.009"/>
  <system-out/>
</testsuite> <!-- cucumber.TestNGTestRunner -->
